Started POST "/api/sudoku?data=%20[%0A%20%20%20%20%20%20[2,%20null,%205,%20null,%20null,%209,%20null,%20null,%204],%0A%20%20%20%20%20%20[null,%20null,%20null,%20null,%20null,%20null,%203,%20null,%207],%0A%20%20%20%20%20%20[7,%20null,%20null,%208,%205,%206,%20null,%201,%20null],%0A%20%20%20%20%20%20[4,%205,%20null,%207,%20null,%20null,%20null,%20null,%20null],%0A%20%20%20%20%20%20[null,%20null,%209,%20null,%20null,%20null,%201,%20null,%20null],%0A%20%20%20%20%20%20[null,%20null,%20null,%20null,%20null,%202,%20null,%208,%205],%0A%20%20%20%20%20%20[null,%202,%20null,%204,%201,%208,%20null,%20null,%206],%0A%20%20%20%20%20%20[6,%20null,%208,%20null,%20null,%20null,%20null,%20null,%20null],%0A%20%20%20%20%20%20[1,%20null,%20null,%202,%20null,%20null,%207,%20null,%208]%0A%20%20%20%20]" for 127.0.0.1 at 2021-04-25 13:13:06 +0530
  [1m[35m (2.4ms)[0m  [1m[34mSELECT sqlite_version(*)[0m
  
AbstractController::ActionNotFound (The action 'index' could not be found for SudokuController):
  
actionpack (6.1.3.1) lib/abstract_controller/base.rb:160:in `process'
actionpack (6.1.3.1) lib/action_controller/metal.rb:190:in `dispatch'
actionpack (6.1.3.1) lib/action_controller/metal.rb:254:in `dispatch'
actionpack (6.1.3.1) lib/action_dispatch/routing/route_set.rb:50:in `dispatch'
actionpack (6.1.3.1) lib/action_dispatch/routing/route_set.rb:33:in `serve'
actionpack (6.1.3.1) lib/action_dispatch/journey/router.rb:50:in `block in serve'
actionpack (6.1.3.1) lib/action_dispatch/journey/router.rb:32:in `each'
actionpack (6.1.3.1) lib/action_dispatch/journey/router.rb:32:in `serve'
actionpack (6.1.3.1) lib/action_dispatch/routing/route_set.rb:842:in `call'
rack (2.2.3) lib/rack/etag.rb:27:in `call'
rack (2.2.3) lib/rack/conditional_get.rb:40:in `call'
rack (2.2.3) lib/rack/head.rb:12:in `call'
activerecord (6.1.3.1) lib/active_record/migration.rb:601:in `call'
actionpack (6.1.3.1) lib/action_dispatch/middleware/callbacks.rb:27:in `block in call'
activesupport (6.1.3.1) lib/active_support/callbacks.rb:98:in `run_callbacks'
actionpack (6.1.3.1) lib/action_dispatch/middleware/callbacks.rb:26:in `call'
actionpack (6.1.3.1) lib/action_dispatch/middleware/executor.rb:14:in `call'
actionpack (6.1.3.1) lib/action_dispatch/middleware/actionable_exceptions.rb:18:in `call'
actionpack (6.1.3.1) lib/action_dispatch/middleware/debug_exceptions.rb:29:in `call'
actionpack (6.1.3.1) lib/action_dispatch/middleware/show_exceptions.rb:33:in `call'
railties (6.1.3.1) lib/rails/rack/logger.rb:37:in `call_app'
railties (6.1.3.1) lib/rails/rack/logger.rb:26:in `block in call'
activesupport (6.1.3.1) lib/active_support/tagged_logging.rb:99:in `block in tagged'
activesupport (6.1.3.1) lib/active_support/tagged_logging.rb:37:in `tagged'
activesupport (6.1.3.1) lib/active_support/tagged_logging.rb:99:in `tagged'
railties (6.1.3.1) lib/rails/rack/logger.rb:26:in `call'
actionpack (6.1.3.1) lib/action_dispatch/middleware/remote_ip.rb:81:in `call'
actionpack (6.1.3.1) lib/action_dispatch/middleware/request_id.rb:26:in `call'
rack (2.2.3) lib/rack/runtime.rb:22:in `call'
activesupport (6.1.3.1) lib/active_support/cache/strategy/local_cache_middleware.rb:29:in `call'
actionpack (6.1.3.1) lib/action_dispatch/middleware/executor.rb:14:in `call'
actionpack (6.1.3.1) lib/action_dispatch/middleware/static.rb:24:in `call'
rack (2.2.3) lib/rack/sendfile.rb:110:in `call'
actionpack (6.1.3.1) lib/action_dispatch/middleware/host_authorization.rb:98:in `call'
railties (6.1.3.1) lib/rails/engine.rb:539:in `call'
puma (5.2.2) lib/puma/configuration.rb:248:in `call'
puma (5.2.2) lib/puma/request.rb:76:in `block in handle_request'
puma (5.2.2) lib/puma/thread_pool.rb:337:in `with_force_shutdown'
puma (5.2.2) lib/puma/request.rb:75:in `handle_request'
puma (5.2.2) lib/puma/server.rb:431:in `process_client'
puma (5.2.2) lib/puma/thread_pool.rb:145:in `block in spawn_thread'
Started POST "/api/sudoku?data=%20[%0A%20%20%20%20%20%20[2,%20null,%205,%20null,%20null,%209,%20null,%20null,%204],%0A%20%20%20%20%20%20[null,%20null,%20null,%20null,%20null,%20null,%203,%20null,%207],%0A%20%20%20%20%20%20[7,%20null,%20null,%208,%205,%206,%20null,%201,%20null],%0A%20%20%20%20%20%20[4,%205,%20null,%207,%20null,%20null,%20null,%20null,%20null],%0A%20%20%20%20%20%20[null,%20null,%209,%20null,%20null,%20null,%201,%20null,%20null],%0A%20%20%20%20%20%20[null,%20null,%20null,%20null,%20null,%202,%20null,%208,%205],%0A%20%20%20%20%20%20[null,%202,%20null,%204,%201,%208,%20null,%20null,%206],%0A%20%20%20%20%20%20[6,%20null,%208,%20null,%20null,%20null,%20null,%20null,%20null],%0A%20%20%20%20%20%20[1,%20null,%20null,%202,%20null,%20null,%207,%20null,%208]%0A%20%20%20%20]" for 127.0.0.1 at 2021-04-25 13:14:53 +0530
Processing by Api::SudokuController#index as */*
  Parameters: {"data"=>" [\n      [2, null, 5, null, null, 9, null, null, 4],\n      [null, null, null, null, null, null, 3, null, 7],\n      [7, null, null, 8, 5, 6, null, 1, null],\n      [4, 5, null, 7, null, null, null, null, null],\n      [null, null, 9, null, null, null, 1, null, null],\n      [null, null, null, null, null, 2, null, 8, 5],\n      [null, 2, null, 4, 1, 8, null, null, 6],\n      [6, null, 8, null, null, null, null, null, null],\n      [1, null, null, 2, null, null, 7, null, 8]\n    ]"}
Completed 200 OK in 14ms (Views: 0.4ms | Allocations: 2857)


Started POST "/api/sudoku?data=%20[%0A%20%20%20%20%20%20[2,%20null,%205,%20null,%20null,%209,%20null,%20null,%204],%0A%20%20%20%20%20%20[null,%20null,%20null,%20null,%20null,%20null,%203,%20null,%207],%0A%20%20%20%20%20%20[7,%20null,%20null,%208,%205,%206,%20null,%201,%20null],%0A%20%20%20%20%20%20[4,%205,%20null,%207,%20null,%20null,%20null,%20null,%20null],%0A%20%20%20%20%20%20[null,%20null,%209,%20null,%20null,%20null,%201,%20null,%20null],%0A%20%20%20%20%20%20[null,%20null,%20null,%20null,%20null,%202,%20null,%208,%205],%0A%20%20%20%20%20%20[null,%202,%20null,%204,%201,%208,%20null,%20null,%206],%0A%20%20%20%20%20%20[6,%20null,%208,%20null,%20null,%20null,%20null,%20null,%20null],%0A%20%20%20%20%20%20[1,%20null,%20null,%202,%20null,%20null,%207,%20null,%208]%0A%20%20%20%20]" for 127.0.0.1 at 2021-04-25 13:17:21 +0530
Processing by Api::SudokuController#index as */*
  Parameters: {"data"=>" [\n      [2, null, 5, null, null, 9, null, null, 4],\n      [null, null, null, null, null, null, 3, null, 7],\n      [7, null, null, 8, 5, 6, null, 1, null],\n      [4, 5, null, 7, null, null, null, null, null],\n      [null, null, 9, null, null, null, 1, null, null],\n      [null, null, null, null, null, 2, null, 8, 5],\n      [null, 2, null, 4, 1, 8, null, null, 6],\n      [6, null, 8, null, null, null, null, null, null],\n      [1, null, null, 2, null, null, 7, null, 8]\n    ]"}
Completed 500 Internal Server Error in 4ms (Allocations: 1749)


  
NameError (uninitialized constant Api::SudokuController::Sudo):
  
app/controllers/api/sudoku_controller.rb:4:in `index'
Started POST "/api/sudoku?data=%20[%0A%20%20%20%20%20%20[2,%20null,%205,%20null,%20null,%209,%20null,%20null,%204],%0A%20%20%20%20%20%20[null,%20null,%20null,%20null,%20null,%20null,%203,%20null,%207],%0A%20%20%20%20%20%20[7,%20null,%20null,%208,%205,%206,%20null,%201,%20null],%0A%20%20%20%20%20%20[4,%205,%20null,%207,%20null,%20null,%20null,%20null,%20null],%0A%20%20%20%20%20%20[null,%20null,%209,%20null,%20null,%20null,%201,%20null,%20null],%0A%20%20%20%20%20%20[null,%20null,%20null,%20null,%20null,%202,%20null,%208,%205],%0A%20%20%20%20%20%20[null,%202,%20null,%204,%201,%208,%20null,%20null,%206],%0A%20%20%20%20%20%20[6,%20null,%208,%20null,%20null,%20null,%20null,%20null,%20null],%0A%20%20%20%20%20%20[1,%20null,%20null,%202,%20null,%20null,%207,%20null,%208]%0A%20%20%20%20]" for 127.0.0.1 at 2021-04-25 13:18:35 +0530
Processing by Api::SudokuController#index as */*
  Parameters: {"data"=>" [\n      [2, null, 5, null, null, 9, null, null, 4],\n      [null, null, null, null, null, null, 3, null, 7],\n      [7, null, null, 8, 5, 6, null, 1, null],\n      [4, 5, null, 7, null, null, null, null, null],\n      [null, null, 9, null, null, null, 1, null, null],\n      [null, null, null, null, null, 2, null, 8, 5],\n      [null, 2, null, 4, 1, 8, null, null, 6],\n      [6, null, 8, null, null, null, null, null, null],\n      [1, null, null, 2, null, null, 7, null, 8]\n    ]"}
Completed 500 Internal Server Error in 2ms (Allocations: 1735)


  
NameError (uninitialized constant Api::SudokuController::Sudo):
  
app/controllers/api/sudoku_controller.rb:3:in `index'
Started POST "/api/sudoku?data=%20[%0A%20%20%20%20%20%20[2,%20null,%205,%20null,%20null,%209,%20null,%20null,%204],%0A%20%20%20%20%20%20[null,%20null,%20null,%20null,%20null,%20null,%203,%20null,%207],%0A%20%20%20%20%20%20[7,%20null,%20null,%208,%205,%206,%20null,%201,%20null],%0A%20%20%20%20%20%20[4,%205,%20null,%207,%20null,%20null,%20null,%20null,%20null],%0A%20%20%20%20%20%20[null,%20null,%209,%20null,%20null,%20null,%201,%20null,%20null],%0A%20%20%20%20%20%20[null,%20null,%20null,%20null,%20null,%202,%20null,%208,%205],%0A%20%20%20%20%20%20[null,%202,%20null,%204,%201,%208,%20null,%20null,%206],%0A%20%20%20%20%20%20[6,%20null,%208,%20null,%20null,%20null,%20null,%20null,%20null],%0A%20%20%20%20%20%20[1,%20null,%20null,%202,%20null,%20null,%207,%20null,%208]%0A%20%20%20%20]" for 127.0.0.1 at 2021-04-25 13:23:23 +0530
Processing by Api::SudokuController#index as */*
  Parameters: {"data"=>" [\n      [2, null, 5, null, null, 9, null, null, 4],\n      [null, null, null, null, null, null, 3, null, 7],\n      [7, null, null, 8, 5, 6, null, 1, null],\n      [4, 5, null, 7, null, null, null, null, null],\n      [null, null, 9, null, null, null, 1, null, null],\n      [null, null, null, null, null, 2, null, 8, 5],\n      [null, 2, null, 4, 1, 8, null, null, 6],\n      [6, null, 8, null, null, null, null, null, null],\n      [1, null, null, 2, null, null, 7, null, 8]\n    ]"}
Completed 500 Internal Server Error in 4ms (Allocations: 1735)


  
NameError (uninitialized constant Api::SudokuController::Sudo):
  
app/controllers/api/sudoku_controller.rb:3:in `index'
Started POST "/api/sudoku?data=%20[%0A%20%20%20%20%20%20[2,%20null,%205,%20null,%20null,%209,%20null,%20null,%204],%0A%20%20%20%20%20%20[null,%20null,%20null,%20null,%20null,%20null,%203,%20null,%207],%0A%20%20%20%20%20%20[7,%20null,%20null,%208,%205,%206,%20null,%201,%20null],%0A%20%20%20%20%20%20[4,%205,%20null,%207,%20null,%20null,%20null,%20null,%20null],%0A%20%20%20%20%20%20[null,%20null,%209,%20null,%20null,%20null,%201,%20null,%20null],%0A%20%20%20%20%20%20[null,%20null,%20null,%20null,%20null,%202,%20null,%208,%205],%0A%20%20%20%20%20%20[null,%202,%20null,%204,%201,%208,%20null,%20null,%206],%0A%20%20%20%20%20%20[6,%20null,%208,%20null,%20null,%20null,%20null,%20null,%20null],%0A%20%20%20%20%20%20[1,%20null,%20null,%202,%20null,%20null,%207,%20null,%208]%0A%20%20%20%20]" for 127.0.0.1 at 2021-04-25 13:26:01 +0530
Processing by Api::SudokuController#index as */*
  Parameters: {"data"=>" [\n      [2, null, 5, null, null, 9, null, null, 4],\n      [null, null, null, null, null, null, 3, null, 7],\n      [7, null, null, 8, 5, 6, null, 1, null],\n      [4, 5, null, 7, null, null, null, null, null],\n      [null, null, 9, null, null, null, 1, null, null],\n      [null, null, null, null, null, 2, null, 8, 5],\n      [null, 2, null, 4, 1, 8, null, null, 6],\n      [6, null, 8, null, null, null, null, null, null],\n      [1, null, null, 2, null, null, 7, null, 8]\n    ]"}
Completed 200 OK in 1ms (Views: 0.3ms | Allocations: 124)


Started POST "/api/sudoku?data=%20[%0A%20%20%20%20%20%20[2,%20null,%205,%20null,%20null,%209,%20null,%20null,%204],%0A%20%20%20%20%20%20[null,%20null,%20null,%20null,%20null,%20null,%203,%20null,%207],%0A%20%20%20%20%20%20[7,%20null,%20null,%208,%205,%206,%20null,%201,%20null],%0A%20%20%20%20%20%20[4,%205,%20null,%207,%20null,%20null,%20null,%20null,%20null],%0A%20%20%20%20%20%20[null,%20null,%209,%20null,%20null,%20null,%201,%20null,%20null],%0A%20%20%20%20%20%20[null,%20null,%20null,%20null,%20null,%202,%20null,%208,%205],%0A%20%20%20%20%20%20[null,%202,%20null,%204,%201,%208,%20null,%20null,%206],%0A%20%20%20%20%20%20[6,%20null,%208,%20null,%20null,%20null,%20null,%20null,%20null],%0A%20%20%20%20%20%20[1,%20null,%20null,%202,%20null,%20null,%207,%20null,%208]%0A%20%20%20%20]" for 127.0.0.1 at 2021-04-25 13:26:10 +0530
Processing by Api::SudokuController#index as */*
  Parameters: {"data"=>" [\n      [2, null, 5, null, null, 9, null, null, 4],\n      [null, null, null, null, null, null, 3, null, 7],\n      [7, null, null, 8, 5, 6, null, 1, null],\n      [4, 5, null, 7, null, null, null, null, null],\n      [null, null, 9, null, null, null, 1, null, null],\n      [null, null, null, null, null, 2, null, 8, 5],\n      [null, 2, null, 4, 1, 8, null, null, 6],\n      [6, null, 8, null, null, null, null, null, null],\n      [1, null, null, 2, null, null, 7, null, 8]\n    ]"}
Completed 200 OK in 1ms (Views: 0.5ms | Allocations: 123)


Started POST "/api/sudoku?data=%20[%0A%20%20%20%20%20%20[2,%20null,%205,%20null,%20null,%209,%20null,%20null,%204],%0A%20%20%20%20%20%20[null,%20null,%20null,%20null,%20null,%20null,%203,%20null,%207],%0A%20%20%20%20%20%20[7,%20null,%20null,%208,%205,%206,%20null,%201,%20null],%0A%20%20%20%20%20%20[4,%205,%20null,%207,%20null,%20null,%20null,%20null,%20null],%0A%20%20%20%20%20%20[null,%20null,%209,%20null,%20null,%20null,%201,%20null,%20null],%0A%20%20%20%20%20%20[null,%20null,%20null,%20null,%20null,%202,%20null,%208,%205],%0A%20%20%20%20%20%20[null,%202,%20null,%204,%201,%208,%20null,%20null,%206],%0A%20%20%20%20%20%20[6,%20null,%208,%20null,%20null,%20null,%20null,%20null,%20null],%0A%20%20%20%20%20%20[1,%20null,%20null,%202,%20null,%20null,%207,%20null,%208]%0A%20%20%20%20]" for 127.0.0.1 at 2021-04-25 13:26:35 +0530
Processing by Api::SudokuController#index as */*
  Parameters: {"data"=>" [\n      [2, null, 5, null, null, 9, null, null, 4],\n      [null, null, null, null, null, null, 3, null, 7],\n      [7, null, null, 8, 5, 6, null, 1, null],\n      [4, 5, null, 7, null, null, null, null, null],\n      [null, null, 9, null, null, null, 1, null, null],\n      [null, null, null, null, null, 2, null, 8, 5],\n      [null, 2, null, 4, 1, 8, null, null, 6],\n      [6, null, 8, null, null, null, null, null, null],\n      [1, null, null, 2, null, null, 7, null, 8]\n    ]"}
Completed 500 Internal Server Error in 2ms (Allocations: 1505)


  
NoMethodError (undefined method `to_a' for #<String:0x00007fb63ed664f0>
Did you mean?  to_s
               to_c
               to_d
               to_f
               to_r
               to_i):
  
app/controllers/api/sudoku_controller.rb:4:in `index'
Started POST "/api/sudoku?data=%20[%0A%20%20%20%20%20%20[2,%20null,%205,%20null,%20null,%209,%20null,%20null,%204],%0A%20%20%20%20%20%20[null,%20null,%20null,%20null,%20null,%20null,%203,%20null,%207],%0A%20%20%20%20%20%20[7,%20null,%20null,%208,%205,%206,%20null,%201,%20null],%0A%20%20%20%20%20%20[4,%205,%20null,%207,%20null,%20null,%20null,%20null,%20null],%0A%20%20%20%20%20%20[null,%20null,%209,%20null,%20null,%20null,%201,%20null,%20null],%0A%20%20%20%20%20%20[null,%20null,%20null,%20null,%20null,%202,%20null,%208,%205],%0A%20%20%20%20%20%20[null,%202,%20null,%204,%201,%208,%20null,%20null,%206],%0A%20%20%20%20%20%20[6,%20null,%208,%20null,%20null,%20null,%20null,%20null,%20null],%0A%20%20%20%20%20%20[1,%20null,%20null,%202,%20null,%20null,%207,%20null,%208]%0A%20%20%20%20]" for 127.0.0.1 at 2021-04-25 13:26:47 +0530
Processing by Api::SudokuController#index as */*
  Parameters: {"data"=>" [\n      [2, null, 5, null, null, 9, null, null, 4],\n      [null, null, null, null, null, null, 3, null, 7],\n      [7, null, null, 8, 5, 6, null, 1, null],\n      [4, 5, null, 7, null, null, null, null, null],\n      [null, null, 9, null, null, null, 1, null, null],\n      [null, null, null, null, null, 2, null, 8, 5],\n      [null, 2, null, 4, 1, 8, null, null, 6],\n      [6, null, 8, null, null, null, null, null, null],\n      [1, null, null, 2, null, null, 7, null, 8]\n    ]"}
Completed 200 OK in 0ms (Views: 0.1ms | Allocations: 123)


Started POST "/api/sudoku?data=%20[%0A%20%20%20%20%20%20[2,%20null,%205,%20null,%20null,%209,%20null,%20null,%204],%0A%20%20%20%20%20%20[null,%20null,%20null,%20null,%20null,%20null,%203,%20null,%207],%0A%20%20%20%20%20%20[7,%20null,%20null,%208,%205,%206,%20null,%201,%20null],%0A%20%20%20%20%20%20[4,%205,%20null,%207,%20null,%20null,%20null,%20null,%20null],%0A%20%20%20%20%20%20[null,%20null,%209,%20null,%20null,%20null,%201,%20null,%20null],%0A%20%20%20%20%20%20[null,%20null,%20null,%20null,%20null,%202,%20null,%208,%205],%0A%20%20%20%20%20%20[null,%202,%20null,%204,%201,%208,%20null,%20null,%206],%0A%20%20%20%20%20%20[6,%20null,%208,%20null,%20null,%20null,%20null,%20null,%20null],%0A%20%20%20%20%20%20[1,%20null,%20null,%202,%20null,%20null,%207,%20null,%208]%0A%20%20%20%20]" for 127.0.0.1 at 2021-04-25 13:27:10 +0530
Processing by Api::SudokuController#index as */*
  Parameters: {"data"=>" [\n      [2, null, 5, null, null, 9, null, null, 4],\n      [null, null, null, null, null, null, 3, null, 7],\n      [7, null, null, 8, 5, 6, null, 1, null],\n      [4, 5, null, 7, null, null, null, null, null],\n      [null, null, 9, null, null, null, 1, null, null],\n      [null, null, null, null, null, 2, null, 8, 5],\n      [null, 2, null, 4, 1, 8, null, null, 6],\n      [6, null, 8, null, null, null, null, null, null],\n      [1, null, null, 2, null, null, 7, null, 8]\n    ]"}
Completed 200 OK in 0ms (Views: 0.2ms | Allocations: 122)


Started POST "/api/sudoku?data=%20[%0A%20%20%20%20%20%20[2,%20null,%205,%20null,%20null,%209,%20null,%20null,%204],%0A%20%20%20%20%20%20[null,%20null,%20null,%20null,%20null,%20null,%203,%20null,%207],%0A%20%20%20%20%20%20[7,%20null,%20null,%208,%205,%206,%20null,%201,%20null],%0A%20%20%20%20%20%20[4,%205,%20null,%207,%20null,%20null,%20null,%20null,%20null],%0A%20%20%20%20%20%20[null,%20null,%209,%20null,%20null,%20null,%201,%20null,%20null],%0A%20%20%20%20%20%20[null,%20null,%20null,%20null,%20null,%202,%20null,%208,%205],%0A%20%20%20%20%20%20[null,%202,%20null,%204,%201,%208,%20null,%20null,%206],%0A%20%20%20%20%20%20[6,%20null,%208,%20null,%20null,%20null,%20null,%20null,%20null],%0A%20%20%20%20%20%20[1,%20null,%20null,%202,%20null,%20null,%207,%20null,%208]%0A%20%20%20%20]" for 127.0.0.1 at 2021-04-25 13:27:11 +0530
Processing by Api::SudokuController#index as */*
  Parameters: {"data"=>" [\n      [2, null, 5, null, null, 9, null, null, 4],\n      [null, null, null, null, null, null, 3, null, 7],\n      [7, null, null, 8, 5, 6, null, 1, null],\n      [4, 5, null, 7, null, null, null, null, null],\n      [null, null, 9, null, null, null, 1, null, null],\n      [null, null, null, null, null, 2, null, 8, 5],\n      [null, 2, null, 4, 1, 8, null, null, 6],\n      [6, null, 8, null, null, null, null, null, null],\n      [1, null, null, 2, null, null, 7, null, 8]\n    ]"}
Completed 200 OK in 2ms (Views: 0.5ms | Allocations: 104)


Started POST "/api/sudoku?data=%20[%0A%20%20%20%20%20%20[2,%20null,%205,%20null,%20null,%209,%20null,%20null,%204],%0A%20%20%20%20%20%20[null,%20null,%20null,%20null,%20null,%20null,%203,%20null,%207],%0A%20%20%20%20%20%20[7,%20null,%20null,%208,%205,%206,%20null,%201,%20null],%0A%20%20%20%20%20%20[4,%205,%20null,%207,%20null,%20null,%20null,%20null,%20null],%0A%20%20%20%20%20%20[null,%20null,%209,%20null,%20null,%20null,%201,%20null,%20null],%0A%20%20%20%20%20%20[null,%20null,%20null,%20null,%20null,%202,%20null,%208,%205],%0A%20%20%20%20%20%20[null,%202,%20null,%204,%201,%208,%20null,%20null,%206],%0A%20%20%20%20%20%20[6,%20null,%208,%20null,%20null,%20null,%20null,%20null,%20null],%0A%20%20%20%20%20%20[1,%20null,%20null,%202,%20null,%20null,%207,%20null,%208]%0A%20%20%20%20]" for 127.0.0.1 at 2021-04-25 13:27:21 +0530
Processing by Api::SudokuController#index as */*
  Parameters: {"data"=>" [\n      [2, null, 5, null, null, 9, null, null, 4],\n      [null, null, null, null, null, null, 3, null, 7],\n      [7, null, null, 8, 5, 6, null, 1, null],\n      [4, 5, null, 7, null, null, null, null, null],\n      [null, null, 9, null, null, null, 1, null, null],\n      [null, null, null, null, null, 2, null, 8, 5],\n      [null, 2, null, 4, 1, 8, null, null, 6],\n      [6, null, 8, null, null, null, null, null, null],\n      [1, null, null, 2, null, null, 7, null, 8]\n    ]"}
Completed 200 OK in 0ms (Views: 0.1ms | Allocations: 133)


Started POST "/api/sudoku?data=%20[%0A%20%20%20%20%20%20[2,%20null,%205,%20null,%20null,%209,%20null,%20null,%204],%0A%20%20%20%20%20%20[null,%20null,%20null,%20null,%20null,%20null,%203,%20null,%207],%0A%20%20%20%20%20%20[7,%20null,%20null,%208,%205,%206,%20null,%201,%20null],%0A%20%20%20%20%20%20[4,%205,%20null,%207,%20null,%20null,%20null,%20null,%20null],%0A%20%20%20%20%20%20[null,%20null,%209,%20null,%20null,%20null,%201,%20null,%20null],%0A%20%20%20%20%20%20[null,%20null,%20null,%20null,%20null,%202,%20null,%208,%205],%0A%20%20%20%20%20%20[null,%202,%20null,%204,%201,%208,%20null,%20null,%206],%0A%20%20%20%20%20%20[6,%20null,%208,%20null,%20null,%20null,%20null,%20null,%20null],%0A%20%20%20%20%20%20[1,%20null,%20null,%202,%20null,%20null,%207,%20null,%208]%0A%20%20%20%20]" for 127.0.0.1 at 2021-04-25 13:27:23 +0530
Processing by Api::SudokuController#index as */*
  Parameters: {"data"=>" [\n      [2, null, 5, null, null, 9, null, null, 4],\n      [null, null, null, null, null, null, 3, null, 7],\n      [7, null, null, 8, 5, 6, null, 1, null],\n      [4, 5, null, 7, null, null, null, null, null],\n      [null, null, 9, null, null, null, 1, null, null],\n      [null, null, null, null, null, 2, null, 8, 5],\n      [null, 2, null, 4, 1, 8, null, null, 6],\n      [6, null, 8, null, null, null, null, null, null],\n      [1, null, null, 2, null, null, 7, null, 8]\n    ]"}
Completed 200 OK in 1ms (Views: 0.2ms | Allocations: 115)


Started POST "/api/sudoku?data=%20[%0A%20%20%20%20%20%20[2,%20null,%205,%20null,%20null,%209,%20null,%20null,%204],%0A%20%20%20%20%20%20[null,%20null,%20null,%20null,%20null,%20null,%203,%20null,%207],%0A%20%20%20%20%20%20[7,%20null,%20null,%208,%205,%206,%20null,%201,%20null],%0A%20%20%20%20%20%20[4,%205,%20null,%207,%20null,%20null,%20null,%20null,%20null],%0A%20%20%20%20%20%20[null,%20null,%209,%20null,%20null,%20null,%201,%20null,%20null],%0A%20%20%20%20%20%20[null,%20null,%20null,%20null,%20null,%202,%20null,%208,%205],%0A%20%20%20%20%20%20[null,%202,%20null,%204,%201,%208,%20null,%20null,%206],%0A%20%20%20%20%20%20[6,%20null,%208,%20null,%20null,%20null,%20null,%20null,%20null],%0A%20%20%20%20%20%20[1,%20null,%20null,%202,%20null,%20null,%207,%20null,%208]%0A%20%20%20%20]" for 127.0.0.1 at 2021-04-25 13:27:31 +0530
Processing by Api::SudokuController#index as */*
  Parameters: {"data"=>" [\n      [2, null, 5, null, null, 9, null, null, 4],\n      [null, null, null, null, null, null, 3, null, 7],\n      [7, null, null, 8, 5, 6, null, 1, null],\n      [4, 5, null, 7, null, null, null, null, null],\n      [null, null, 9, null, null, null, 1, null, null],\n      [null, null, null, null, null, 2, null, 8, 5],\n      [null, 2, null, 4, 1, 8, null, null, 6],\n      [6, null, 8, null, null, null, null, null, null],\n      [1, null, null, 2, null, null, 7, null, 8]\n    ]"}
Completed 200 OK in 0ms (Views: 0.1ms | Allocations: 133)


Started POST "/api/sudoku?data=%20[%0A%20%20%20%20%20%20[2,%20null,%205,%20null,%20null,%209,%20null,%20null,%204],%0A%20%20%20%20%20%20[null,%20null,%20null,%20null,%20null,%20null,%203,%20null,%207],%0A%20%20%20%20%20%20[7,%20null,%20null,%208,%205,%206,%20null,%201,%20null],%0A%20%20%20%20%20%20[4,%205,%20null,%207,%20null,%20null,%20null,%20null,%20null],%0A%20%20%20%20%20%20[null,%20null,%209,%20null,%20null,%20null,%201,%20null,%20null],%0A%20%20%20%20%20%20[null,%20null,%20null,%20null,%20null,%202,%20null,%208,%205],%0A%20%20%20%20%20%20[null,%202,%20null,%204,%201,%208,%20null,%20null,%206],%0A%20%20%20%20%20%20[6,%20null,%208,%20null,%20null,%20null,%20null,%20null,%20null],%0A%20%20%20%20%20%20[1,%20null,%20null,%202,%20null,%20null,%207,%20null,%208]%0A%20%20%20%20]" for 127.0.0.1 at 2021-04-25 13:27:31 +0530
Processing by Api::SudokuController#index as */*
  Parameters: {"data"=>" [\n      [2, null, 5, null, null, 9, null, null, 4],\n      [null, null, null, null, null, null, 3, null, 7],\n      [7, null, null, 8, 5, 6, null, 1, null],\n      [4, 5, null, 7, null, null, null, null, null],\n      [null, null, 9, null, null, null, 1, null, null],\n      [null, null, null, null, null, 2, null, 8, 5],\n      [null, 2, null, 4, 1, 8, null, null, 6],\n      [6, null, 8, null, null, null, null, null, null],\n      [1, null, null, 2, null, null, 7, null, 8]\n    ]"}
Completed 200 OK in 1ms (Views: 0.2ms | Allocations: 115)


Started POST "/api/sudoku?data=%20[%0A%20%20%20%20%20%20[2,%20null,%205,%20null,%20null,%209,%20null,%20null,%204],%0A%20%20%20%20%20%20[null,%20null,%20null,%20null,%20null,%20null,%203,%20null,%207],%0A%20%20%20%20%20%20[7,%20null,%20null,%208,%205,%206,%20null,%201,%20null],%0A%20%20%20%20%20%20[4,%205,%20null,%207,%20null,%20null,%20null,%20null,%20null],%0A%20%20%20%20%20%20[null,%20null,%209,%20null,%20null,%20null,%201,%20null,%20null],%0A%20%20%20%20%20%20[null,%20null,%20null,%20null,%20null,%202,%20null,%208,%205],%0A%20%20%20%20%20%20[null,%202,%20null,%204,%201,%208,%20null,%20null,%206],%0A%20%20%20%20%20%20[6,%20null,%208,%20null,%20null,%20null,%20null,%20null,%20null],%0A%20%20%20%20%20%20[1,%20null,%20null,%202,%20null,%20null,%207,%20null,%208]%0A%20%20%20%20]" for 127.0.0.1 at 2021-04-25 13:27:32 +0530
Processing by Api::SudokuController#index as */*
  Parameters: {"data"=>" [\n      [2, null, 5, null, null, 9, null, null, 4],\n      [null, null, null, null, null, null, 3, null, 7],\n      [7, null, null, 8, 5, 6, null, 1, null],\n      [4, 5, null, 7, null, null, null, null, null],\n      [null, null, 9, null, null, null, 1, null, null],\n      [null, null, null, null, null, 2, null, 8, 5],\n      [null, 2, null, 4, 1, 8, null, null, 6],\n      [6, null, 8, null, null, null, null, null, null],\n      [1, null, null, 2, null, null, 7, null, 8]\n    ]"}
Completed 200 OK in 0ms (Views: 0.1ms | Allocations: 115)


Started GET "/" for 127.0.0.1 at 2021-04-25 14:41:58 +0530
Processing by Rails::WelcomeController#index as HTML
  Rendering /Users/sanjayrathore/.rbenv/versions/2.7.1/lib/ruby/gems/2.7.0/gems/railties-6.1.3.1/lib/rails/templates/rails/welcome/index.html.erb
  Rendered /Users/sanjayrathore/.rbenv/versions/2.7.1/lib/ruby/gems/2.7.0/gems/railties-6.1.3.1/lib/rails/templates/rails/welcome/index.html.erb (Duration: 21.0ms | Allocations: 409)
Completed 200 OK in 60ms (Views: 30.3ms | Allocations: 3494)


Started POST "/api/sudoku?data=%20[[2,%20nil,%205,%20nil,%20nil,%209,%20nil,%20nil,%204],[nil,%20nil,%20nil,%20nil,%20nil,%20nil,%203,%20nil,%207],[7,%20nil,%20nil,%208,%205,%206,%20nil,%201,%20nil],[4,%205,%20nil,%207,%20nil,%20nil,%20nil,%20nil,%0A%20nil],[nil,%20nil,%209,%20nil,%20nil,%20nil,%201,%20nil,%20nil],[nil,%20nil,%20nil,%20nil,%20nil,%202,%20nil,%208,%205],[nil,%202,%20nil,%204,%201,%208,%20nil,%20nil,%206],[6,%20nil,%208,%20nil,%20nil,%20nil,%20nil,%20nil,%20nil],[1,%20ni%0Al,%20nil,%202,%20nil,%20nil,%207,%20nil,%208]%20%20%20%20]" for 127.0.0.1 at 2021-04-25 14:58:58 +0530
Processing by Api::SudokuController#index as */*
  Parameters: {"data"=>" [[2, nil, 5, nil, nil, 9, nil, nil, 4],[nil, nil, nil, nil, nil, nil, 3, nil, 7],[7, nil, nil, 8, 5, 6, nil, 1, nil],[4, 5, nil, 7, nil, nil, nil, nil,\n nil],[nil, nil, 9, nil, nil, nil, 1, nil, nil],[nil, nil, nil, nil, nil, 2, nil, 8, 5],[nil, 2, nil, 4, 1, 8, nil, nil, 6],[6, nil, 8, nil, nil, nil, nil, nil, nil],[1, ni\nl, nil, 2, nil, nil, 7, nil, 8]    ]"}
Completed 500 Internal Server Error in 4ms (Allocations: 1409)


  
TypeError (can't convert String into an Array (undefined method `to_ary' for #<String:0x00007fb63b6cc048>
Did you mean?  to_r)):
  
app/controllers/api/sudoku_controller.rb:11:in `sudoku'
app/controllers/api/sudoku_controller.rb:5:in `index'
Started POST "/api/sudoku?data=%20[[2,%20nil,%205,%20nil,%20nil,%209,%20nil,%20nil,%204],[nil,%20nil,%20nil,%20nil,%20nil,%20nil,%203,%20nil,%207],[7,%20nil,%20nil,%208,%205,%206,%20nil,%201,%20nil],[4,%205,%20nil,%207,%20nil,%20nil,%20nil,%20nil,%0A%20nil],[nil,%20nil,%209,%20nil,%20nil,%20nil,%201,%20nil,%20nil],[nil,%20nil,%20nil,%20nil,%20nil,%202,%20nil,%208,%205],[nil,%202,%20nil,%204,%201,%208,%20nil,%20nil,%206],[6,%20nil,%208,%20nil,%20nil,%20nil,%20nil,%20nil,%20nil],[1,%20ni%0Al,%20nil,%202,%20nil,%20nil,%207,%20nil,%208]%20%20%20%20]" for 127.0.0.1 at 2021-04-25 14:59:59 +0530
Processing by Api::SudokuController#index as */*
  Parameters: {"data"=>" [[2, nil, 5, nil, nil, 9, nil, nil, 4],[nil, nil, nil, nil, nil, nil, 3, nil, 7],[7, nil, nil, 8, 5, 6, nil, 1, nil],[4, 5, nil, 7, nil, nil, nil, nil,\n nil],[nil, nil, 9, nil, nil, nil, 1, nil, nil],[nil, nil, nil, nil, nil, 2, nil, 8, 5],[nil, 2, nil, 4, 1, 8, nil, nil, 6],[6, nil, 8, nil, nil, nil, nil, nil, nil],[1, ni\nl, nil, 2, nil, nil, 7, nil, 8]    ]"}
Completed 500 Internal Server Error in 5ms (Allocations: 1409)


  
TypeError (can't convert String into an Array (undefined method `to_ary' for #<String:0x00007fb63eb5deb0>
Did you mean?  to_r)):
  
app/controllers/api/sudoku_controller.rb:11:in `sudoku'
app/controllers/api/sudoku_controller.rb:5:in `index'
Started POST "/api/sudoku?data=%20[[2,%20nil,%205,%20nil,%20nil,%209,%20nil,%20nil,%204],[nil,%20nil,%20nil,%20nil,%20nil,%20nil,%203,%20nil,%207],[7,%20nil,%20nil,%208,%205,%206,%20nil,%201,%20nil],[4,%205,%20nil,%207,%20nil,%20nil,%20nil,%20nil,%0A%20nil],[nil,%20nil,%209,%20nil,%20nil,%20nil,%201,%20nil,%20nil],[nil,%20nil,%20nil,%20nil,%20nil,%202,%20nil,%208,%205],[nil,%202,%20nil,%204,%201,%208,%20nil,%20nil,%206],[6,%20nil,%208,%20nil,%20nil,%20nil,%20nil,%20nil,%20nil],[1,%20ni%0Al,%20nil,%202,%20nil,%20nil,%207,%20nil,%208]%20%20%20%20]" for 127.0.0.1 at 2021-04-25 15:00:41 +0530
Processing by Api::SudokuController#index as */*
  Parameters: {"data"=>" [[2, nil, 5, nil, nil, 9, nil, nil, 4],[nil, nil, nil, nil, nil, nil, 3, nil, 7],[7, nil, nil, 8, 5, 6, nil, 1, nil],[4, 5, nil, 7, nil, nil, nil, nil,\n nil],[nil, nil, 9, nil, nil, nil, 1, nil, nil],[nil, nil, nil, nil, nil, 2, nil, 8, 5],[nil, 2, nil, 4, 1, 8, nil, nil, 6],[6, nil, 8, nil, nil, nil, nil, nil, nil],[1, ni\nl, nil, 2, nil, nil, 7, nil, 8]    ]"}
Completed 500 Internal Server Error in 2ms (Allocations: 1500)


  
NoMethodError (undefined method `to_a' for #<String:0x00007fb63efa9dc0>
Did you mean?  to_s
               to_c
               to_d
               to_f
               to_r
               to_i):
  
app/controllers/api/sudoku_controller.rb:10:in `sudoku'
app/controllers/api/sudoku_controller.rb:5:in `index'
Started POST "/api/sudoku?data=%20[[2,%20nil,%205,%20nil,%20nil,%209,%20nil,%20nil,%204],[nil,%20nil,%20nil,%20nil,%20nil,%20nil,%203,%20nil,%207],[7,%20nil,%20nil,%208,%205,%206,%20nil,%201,%20nil],[4,%205,%20nil,%207,%20nil,%20nil,%20nil,%20nil,%0A%20nil],[nil,%20nil,%209,%20nil,%20nil,%20nil,%201,%20nil,%20nil],[nil,%20nil,%20nil,%20nil,%20nil,%202,%20nil,%208,%205],[nil,%202,%20nil,%204,%201,%208,%20nil,%20nil,%206],[6,%20nil,%208,%20nil,%20nil,%20nil,%20nil,%20nil,%20nil],[1,%20ni%0Al,%20nil,%202,%20nil,%20nil,%207,%20nil,%208]%20%20%20%20]" for 127.0.0.1 at 2021-04-25 15:01:04 +0530
Processing by Api::SudokuController#index as */*
  Parameters: {"data"=>" [[2, nil, 5, nil, nil, 9, nil, nil, 4],[nil, nil, nil, nil, nil, nil, 3, nil, 7],[7, nil, nil, 8, 5, 6, nil, 1, nil],[4, 5, nil, 7, nil, nil, nil, nil,\n nil],[nil, nil, 9, nil, nil, nil, 1, nil, nil],[nil, nil, nil, nil, nil, 2, nil, 8, 5],[nil, 2, nil, 4, 1, 8, nil, nil, 6],[6, nil, 8, nil, nil, nil, nil, nil, nil],[1, ni\nl, nil, 2, nil, nil, 7, nil, 8]    ]"}
Completed 500 Internal Server Error in 2ms (Allocations: 1135)


  
TypeError (can't convert Integer into an Array (undefined method `to_ary' for 0:Integer
Did you mean?  to_r)):
  
app/controllers/api/sudoku_controller.rb:11:in `sudoku'
app/controllers/api/sudoku_controller.rb:5:in `index'
Started POST "/api/sudoku?data=%20[[2,%20nil,%205,%20nil,%20nil,%209,%20nil,%20nil,%204],[nil,%20nil,%20nil,%20nil,%20nil,%20nil,%203,%20nil,%207],[7,%20nil,%20nil,%208,%205,%206,%20nil,%201,%20nil],[4,%205,%20nil,%207,%20nil,%20nil,%20nil,%20nil,%0A%20nil],[nil,%20nil,%209,%20nil,%20nil,%20nil,%201,%20nil,%20nil],[nil,%20nil,%20nil,%20nil,%20nil,%202,%20nil,%208,%205],[nil,%202,%20nil,%204,%201,%208,%20nil,%20nil,%206],[6,%20nil,%208,%20nil,%20nil,%20nil,%20nil,%20nil,%20nil],[1,%20ni%0Al,%20nil,%202,%20nil,%20nil,%207,%20nil,%208]%20%20%20%20]" for 127.0.0.1 at 2021-04-25 15:01:26 +0530
Processing by Api::SudokuController#index as */*
  Parameters: {"data"=>" [[2, nil, 5, nil, nil, 9, nil, nil, 4],[nil, nil, nil, nil, nil, nil, 3, nil, 7],[7, nil, nil, 8, 5, 6, nil, 1, nil],[4, 5, nil, 7, nil, nil, nil, nil,\n nil],[nil, nil, 9, nil, nil, nil, 1, nil, nil],[nil, nil, nil, nil, nil, 2, nil, 8, 5],[nil, 2, nil, 4, 1, 8, nil, nil, 6],[6, nil, 8, nil, nil, nil, nil, nil, nil],[1, ni\nl, nil, 2, nil, nil, 7, nil, 8]    ]"}
Completed 500 Internal Server Error in 0ms (Allocations: 117)


  
SyntaxError ((eval):3: syntax error, unexpected local variable or method, expecting ']'
l, nil, 2, nil, nil, 7, nil, 8...
^
(eval):3: Can't assign to nil
l, nil, 2, nil, nil, 7, nil, 8]    ]
   ^~~
(eval):3: syntax error, unexpected ',', expecting '.' or &. or :: or '['
l, nil, 2, nil, nil, 7, nil, 8]    ]
         ^
(eval):3: Can't assign to nil
l, nil, 2, nil, nil, 7, nil, 8]    ]
           ^~~
(eval):3: Can't assign to nil
l, nil, 2, nil, nil, 7, nil, 8]    ]
                ^~~
(eval):3: syntax error, unexpected ',', expecting '.' or &. or :: or '['
l, nil, 2, nil, nil, 7, nil, 8]    ]
                      ^
(eval):3: Can't assign to nil
l, nil, 2, nil, nil, 7, nil, 8]    ]
                        ^~~
(eval):3: syntax error, unexpected ']', expecting '.' or &. or :: or '['
l, nil, 2, nil, nil, 7, nil, 8]    ]
                              ^
):
  
(eval):3: syntax error, unexpected local variable or method, expecting ']'
(eval):3: Can't assign to nil
(eval):3: syntax error, unexpected ',', expecting '.' or &. or :: or '['
(eval):3: Can't assign to nil
(eval):3: Can't assign to nil
(eval):3: syntax error, unexpected ',', expecting '.' or &. or :: or '['
(eval):3: Can't assign to nil
(eval):3: syntax error, unexpected ']', expecting '.' or &. or :: or '['
(eval):3: syntax error, unexpected local variable or method, expecting ']'
(eval):3: Can't assign to nil
(eval):3: syntax error, unexpected ',', expecting '.' or &. or :: or '['
(eval):3: Can't assign to nil
(eval):3: Can't assign to nil
(eval):3: syntax error, unexpected ',', expecting '.' or &. or :: or '['
(eval):3: Can't assign to nil
(eval):3: syntax error, unexpected ']', expecting '.' or &. or :: or '['
app/controllers/api/sudoku_controller.rb:10:in `eval'
app/controllers/api/sudoku_controller.rb:10:in `sudoku'
app/controllers/api/sudoku_controller.rb:5:in `index'
Started POST "/api/sudoku?data=%20[[2,%20nil,%205,%20nil,%20nil,%209,%20nil,%20nil,%204],[nil,%20nil,%20nil,%20nil,%20nil,%20nil,%203,%20nil,%207],[7,%20nil,%20nil,%208,%205,%206,%20nil,%201,%20nil],[4,%205,%20nil,%207,%20nil,%20nil,%20nil,%20nil,%0A%20nil],[nil,%20nil,%209,%20nil,%20nil,%20nil,%201,%20nil,%20nil],[nil,%20nil,%20nil,%20nil,%20nil,%202,%20nil,%208,%205],[nil,%202,%20nil,%204,%201,%208,%20nil,%20nil,%206],[6,%20nil,%208,%20nil,%20nil,%20nil,%20nil,%20nil,%20nil],[1,%20ni%0Al,%20nil,%202,%20nil,%20nil,%207,%20nil,%208]%20%20%20%20]" for 127.0.0.1 at 2021-04-25 15:02:40 +0530
Processing by Api::SudokuController#index as */*
  Parameters: {"data"=>" [[2, nil, 5, nil, nil, 9, nil, nil, 4],[nil, nil, nil, nil, nil, nil, 3, nil, 7],[7, nil, nil, 8, 5, 6, nil, 1, nil],[4, 5, nil, 7, nil, nil, nil, nil,\n nil],[nil, nil, 9, nil, nil, nil, 1, nil, nil],[nil, nil, nil, nil, nil, 2, nil, 8, 5],[nil, 2, nil, 4, 1, 8, nil, nil, 6],[6, nil, 8, nil, nil, nil, nil, nil, nil],[1, ni\nl, nil, 2, nil, nil, 7, nil, 8]    ]"}
Completed 500 Internal Server Error in 0ms (Allocations: 123)


  
SyntaxError ((eval):3: syntax error, unexpected local variable or method, expecting ']'
l, nil, 2, nil, nil, 7, nil, 8...
^
(eval):3: Can't assign to nil
l, nil, 2, nil, nil, 7, nil, 8]    ]
   ^~~
(eval):3: syntax error, unexpected ',', expecting '.' or &. or :: or '['
l, nil, 2, nil, nil, 7, nil, 8]    ]
         ^
(eval):3: Can't assign to nil
l, nil, 2, nil, nil, 7, nil, 8]    ]
           ^~~
(eval):3: Can't assign to nil
l, nil, 2, nil, nil, 7, nil, 8]    ]
                ^~~
(eval):3: syntax error, unexpected ',', expecting '.' or &. or :: or '['
l, nil, 2, nil, nil, 7, nil, 8]    ]
                      ^
(eval):3: Can't assign to nil
l, nil, 2, nil, nil, 7, nil, 8]    ]
                        ^~~
(eval):3: syntax error, unexpected ']', expecting '.' or &. or :: or '['
l, nil, 2, nil, nil, 7, nil, 8]    ]
                              ^
):
  
(eval):3: syntax error, unexpected local variable or method, expecting ']'
(eval):3: Can't assign to nil
(eval):3: syntax error, unexpected ',', expecting '.' or &. or :: or '['
(eval):3: Can't assign to nil
(eval):3: Can't assign to nil
(eval):3: syntax error, unexpected ',', expecting '.' or &. or :: or '['
(eval):3: Can't assign to nil
(eval):3: syntax error, unexpected ']', expecting '.' or &. or :: or '['
(eval):3: syntax error, unexpected local variable or method, expecting ']'
(eval):3: Can't assign to nil
(eval):3: syntax error, unexpected ',', expecting '.' or &. or :: or '['
(eval):3: Can't assign to nil
(eval):3: Can't assign to nil
(eval):3: syntax error, unexpected ',', expecting '.' or &. or :: or '['
(eval):3: Can't assign to nil
(eval):3: syntax error, unexpected ']', expecting '.' or &. or :: or '['
app/controllers/api/sudoku_controller.rb:12:in `eval'
app/controllers/api/sudoku_controller.rb:12:in `sudoku'
app/controllers/api/sudoku_controller.rb:7:in `index'
Started POST "/api/sudoku?data=%20[[2,%20nil,%205,%20nil,%20nil,%209,%20nil,%20nil,%204],[nil,%20nil,%20nil,%20nil,%20nil,%20nil,%203,%20nil,%207],[7,%20nil,%20nil,%208,%205,%206,%20nil,%201,%20nil],[4,%205,%20nil,%207,%20nil,%20nil,%20nil,%20nil,%0A%20nil],[nil,%20nil,%209,%20nil,%20nil,%20nil,%201,%20nil,%20nil],[nil,%20nil,%20nil,%20nil,%20nil,%202,%20nil,%208,%205],[nil,%202,%20nil,%204,%201,%208,%20nil,%20nil,%206],[6,%20nil,%208,%20nil,%20nil,%20nil,%20nil,%20nil,%20nil],[1,%20ni%0Al,%20nil,%202,%20nil,%20nil,%207,%20nil,%208]%20%20%20%20]" for 127.0.0.1 at 2021-04-25 15:03:44 +0530
Processing by Api::SudokuController#index as */*
  Parameters: {"data"=>" [[2, nil, 5, nil, nil, 9, nil, nil, 4],[nil, nil, nil, nil, nil, nil, 3, nil, 7],[7, nil, nil, 8, 5, 6, nil, 1, nil],[4, 5, nil, 7, nil, nil, nil, nil,\n nil],[nil, nil, 9, nil, nil, nil, 1, nil, nil],[nil, nil, nil, nil, nil, 2, nil, 8, 5],[nil, 2, nil, 4, 1, 8, nil, nil, 6],[6, nil, 8, nil, nil, nil, nil, nil, nil],[1, ni\nl, nil, 2, nil, nil, 7, nil, 8]    ]"}
Completed 500 Internal Server Error in 0ms (Allocations: 125)


  
SyntaxError ((eval):3: syntax error, unexpected local variable or method, expecting ']'
l, nil, 2, nil, nil, 7, nil, 8...
^
(eval):3: Can't assign to nil
l, nil, 2, nil, nil, 7, nil, 8]    ]
   ^~~
(eval):3: syntax error, unexpected ',', expecting '.' or &. or :: or '['
l, nil, 2, nil, nil, 7, nil, 8]    ]
         ^
(eval):3: Can't assign to nil
l, nil, 2, nil, nil, 7, nil, 8]    ]
           ^~~
(eval):3: Can't assign to nil
l, nil, 2, nil, nil, 7, nil, 8]    ]
                ^~~
(eval):3: syntax error, unexpected ',', expecting '.' or &. or :: or '['
l, nil, 2, nil, nil, 7, nil, 8]    ]
                      ^
(eval):3: Can't assign to nil
l, nil, 2, nil, nil, 7, nil, 8]    ]
                        ^~~
(eval):3: syntax error, unexpected ']', expecting '.' or &. or :: or '['
l, nil, 2, nil, nil, 7, nil, 8]    ]
                              ^
):
  
(eval):3: syntax error, unexpected local variable or method, expecting ']'
(eval):3: Can't assign to nil
(eval):3: syntax error, unexpected ',', expecting '.' or &. or :: or '['
(eval):3: Can't assign to nil
(eval):3: Can't assign to nil
(eval):3: syntax error, unexpected ',', expecting '.' or &. or :: or '['
(eval):3: Can't assign to nil
(eval):3: syntax error, unexpected ']', expecting '.' or &. or :: or '['
(eval):3: syntax error, unexpected local variable or method, expecting ']'
(eval):3: Can't assign to nil
(eval):3: syntax error, unexpected ',', expecting '.' or &. or :: or '['
(eval):3: Can't assign to nil
(eval):3: Can't assign to nil
(eval):3: syntax error, unexpected ',', expecting '.' or &. or :: or '['
(eval):3: Can't assign to nil
(eval):3: syntax error, unexpected ']', expecting '.' or &. or :: or '['
app/controllers/api/sudoku_controller.rb:12:in `eval'
app/controllers/api/sudoku_controller.rb:12:in `sudoku'
app/controllers/api/sudoku_controller.rb:7:in `index'
Started POST "/api/sudoku?data=%20[[2,%20nil,%205,%20nil,%20nil,%209,%20nil,%20nil,%204],[nil,%20nil,%20nil,%20nil,%20nil,%20nil,%203,%20nil,%207],[7,%20nil,%20nil,%208,%205,%206,%20nil,%201,%20nil],[4,%205,%20nil,%207,%20nil,%20nil,%20nil,%20nil,%0A%20nil],[nil,%20nil,%209,%20nil,%20nil,%20nil,%201,%20nil,%20nil],[nil,%20nil,%20nil,%20nil,%20nil,%202,%20nil,%208,%205],[nil,%202,%20nil,%204,%201,%208,%20nil,%20nil,%206],[6,%20nil,%208,%20nil,%20nil,%20nil,%20nil,%20nil,%20nil],[1,%20ni%0Al,%20nil,%202,%20nil,%20nil,%207,%20nil,%208]%20%20%20%20]" for 127.0.0.1 at 2021-04-25 15:04:28 +0530
Processing by Api::SudokuController#index as */*
  Parameters: {"data"=>" [[2, nil, 5, nil, nil, 9, nil, nil, 4],[nil, nil, nil, nil, nil, nil, 3, nil, 7],[7, nil, nil, 8, 5, 6, nil, 1, nil],[4, 5, nil, 7, nil, nil, nil, nil,\n nil],[nil, nil, 9, nil, nil, nil, 1, nil, nil],[nil, nil, nil, nil, nil, 2, nil, 8, 5],[nil, 2, nil, 4, 1, 8, nil, nil, 6],[6, nil, 8, nil, nil, nil, nil, nil, nil],[1, ni\nl, nil, 2, nil, nil, 7, nil, 8]    ]"}
Completed 500 Internal Server Error in 0ms (Allocations: 120)


  
SyntaxError ((eval):3: syntax error, unexpected local variable or method, expecting ']'
l, nil, 2, nil, nil, 7, nil, 8...
^
(eval):3: Can't assign to nil
l, nil, 2, nil, nil, 7, nil, 8]    ]
   ^~~
(eval):3: syntax error, unexpected ',', expecting '.' or &. or :: or '['
l, nil, 2, nil, nil, 7, nil, 8]    ]
         ^
(eval):3: Can't assign to nil
l, nil, 2, nil, nil, 7, nil, 8]    ]
           ^~~
(eval):3: Can't assign to nil
l, nil, 2, nil, nil, 7, nil, 8]    ]
                ^~~
(eval):3: syntax error, unexpected ',', expecting '.' or &. or :: or '['
l, nil, 2, nil, nil, 7, nil, 8]    ]
                      ^
(eval):3: Can't assign to nil
l, nil, 2, nil, nil, 7, nil, 8]    ]
                        ^~~
(eval):3: syntax error, unexpected ']', expecting '.' or &. or :: or '['
l, nil, 2, nil, nil, 7, nil, 8]    ]
                              ^
):
  
(eval):3: syntax error, unexpected local variable or method, expecting ']'
(eval):3: Can't assign to nil
(eval):3: syntax error, unexpected ',', expecting '.' or &. or :: or '['
(eval):3: Can't assign to nil
(eval):3: Can't assign to nil
(eval):3: syntax error, unexpected ',', expecting '.' or &. or :: or '['
(eval):3: Can't assign to nil
(eval):3: syntax error, unexpected ']', expecting '.' or &. or :: or '['
(eval):3: syntax error, unexpected local variable or method, expecting ']'
(eval):3: Can't assign to nil
(eval):3: syntax error, unexpected ',', expecting '.' or &. or :: or '['
(eval):3: Can't assign to nil
(eval):3: Can't assign to nil
(eval):3: syntax error, unexpected ',', expecting '.' or &. or :: or '['
(eval):3: Can't assign to nil
(eval):3: syntax error, unexpected ']', expecting '.' or &. or :: or '['
app/controllers/api/sudoku_controller.rb:5:in `eval'
app/controllers/api/sudoku_controller.rb:5:in `index'
Started POST "/api/sudoku?data=%20[[2,%20nil,%205,%20nil,%20nil,%209,%20nil,%20nil,%204],[nil,%20nil,%20nil,%20nil,%20nil,%20nil,%203,%20nil,%207],[7,%20nil,%20nil,%208,%205,%206,%20nil,%201,%20nil],[4,%205,%20nil,%207,%20nil,%20nil,%20nil,%20nil,%0A%20nil],[nil,%20nil,%209,%20nil,%20nil,%20nil,%201,%20nil,%20nil],[nil,%20nil,%20nil,%20nil,%20nil,%202,%20nil,%208,%205],[nil,%202,%20nil,%204,%201,%208,%20nil,%20nil,%206],[6,%20nil,%208,%20nil,%20nil,%20nil,%20nil,%20nil,%20nil],[1,%20ni%0Al,%20nil,%202,%20nil,%20nil,%207,%20nil,%208]%20%20%20%20]" for 127.0.0.1 at 2021-04-25 15:04:56 +0530
Processing by Api::SudokuController#index as */*
  Parameters: {"data"=>" [[2, nil, 5, nil, nil, 9, nil, nil, 4],[nil, nil, nil, nil, nil, nil, 3, nil, 7],[7, nil, nil, 8, 5, 6, nil, 1, nil],[4, 5, nil, 7, nil, nil, nil, nil,\n nil],[nil, nil, 9, nil, nil, nil, 1, nil, nil],[nil, nil, nil, nil, nil, 2, nil, 8, 5],[nil, 2, nil, 4, 1, 8, nil, nil, 6],[6, nil, 8, nil, nil, nil, nil, nil, nil],[1, ni\nl, nil, 2, nil, nil, 7, nil, 8]    ]"}
Completed 500 Internal Server Error in 2ms (Allocations: 123)


  
JSON::ParserError (434: unexpected token at 'nil, 5, nil, nil, 9, nil, nil, 4],[nil, nil, nil, nil, nil, nil, 3, nil, 7],[7, nil, nil, 8, 5, 6, nil, 1, nil],[4, 5, nil, 7, nil, nil, nil, nil,
 nil],[nil, nil, 9, nil, nil, nil, 1, nil, nil],[nil, nil, nil, nil, nil, 2, nil, 8, 5],[nil, 2, nil, 4, 1, 8, nil, nil, 6],[6, nil, 8, nil, nil, nil, nil, nil, nil],[1, ni
l, nil, 2, nil, nil, 7, nil, 8]    ]'):
  
app/controllers/api/sudoku_controller.rb:5:in `index'
Started POST "/api/sudoku?data=%20[[2,%20nil,%205,%20nil,%20nil,%209,%20nil,%20nil,%204],[nil,%20nil,%20nil,%20nil,%20nil,%20nil,%203,%20nil,%207],[7,%20nil,%20nil,%208,%205,%206,%20nil,%201,%20nil],[4,%205,%20nil,%207,%20nil,%20nil,%20nil,%20nil,%0A%20nil],[nil,%20nil,%209,%20nil,%20nil,%20nil,%201,%20nil,%20nil],[nil,%20nil,%20nil,%20nil,%20nil,%202,%20nil,%208,%205],[nil,%202,%20nil,%204,%201,%208,%20nil,%20nil,%206],[6,%20nil,%208,%20nil,%20nil,%20nil,%20nil,%20nil,%20nil],[1,%20ni%0Al,%20nil,%202,%20nil,%20nil,%207,%20nil,%208]%20%20%20%20]" for 127.0.0.1 at 2021-04-25 15:08:44 +0530
Processing by Api::SudokuController#index as */*
  Parameters: {"data"=>" [[2, nil, 5, nil, nil, 9, nil, nil, 4],[nil, nil, nil, nil, nil, nil, 3, nil, 7],[7, nil, nil, 8, 5, 6, nil, 1, nil],[4, 5, nil, 7, nil, nil, nil, nil,\n nil],[nil, nil, 9, nil, nil, nil, 1, nil, nil],[nil, nil, nil, nil, nil, 2, nil, 8, 5],[nil, 2, nil, 4, 1, 8, nil, nil, 6],[6, nil, 8, nil, nil, nil, nil, nil, nil],[1, ni\nl, nil, 2, nil, nil, 7, nil, 8]    ]"}
Completed 500 Internal Server Error in 1ms (Allocations: 238)


  
SyntaxError ((eval):3: syntax error, unexpected local variable or method, expecting ']'
l, nil, 2, nil, nil, 7, nil, 8...
^
(eval):3: Can't assign to nil
l, nil, 2, nil, nil, 7, nil, 8]    ]
   ^~~
(eval):3: syntax error, unexpected ',', expecting '.' or &. or :: or '['
l, nil, 2, nil, nil, 7, nil, 8]    ]
         ^
(eval):3: Can't assign to nil
l, nil, 2, nil, nil, 7, nil, 8]    ]
           ^~~
(eval):3: Can't assign to nil
l, nil, 2, nil, nil, 7, nil, 8]    ]
                ^~~
(eval):3: syntax error, unexpected ',', expecting '.' or &. or :: or '['
l, nil, 2, nil, nil, 7, nil, 8]    ]
                      ^
(eval):3: Can't assign to nil
l, nil, 2, nil, nil, 7, nil, 8]    ]
                        ^~~
(eval):3: syntax error, unexpected ']', expecting '.' or &. or :: or '['
l, nil, 2, nil, nil, 7, nil, 8]    ]
                              ^
):
  
(eval):3: syntax error, unexpected local variable or method, expecting ']'
(eval):3: Can't assign to nil
(eval):3: syntax error, unexpected ',', expecting '.' or &. or :: or '['
(eval):3: Can't assign to nil
(eval):3: Can't assign to nil
(eval):3: syntax error, unexpected ',', expecting '.' or &. or :: or '['
(eval):3: Can't assign to nil
(eval):3: syntax error, unexpected ']', expecting '.' or &. or :: or '['
(eval):3: syntax error, unexpected local variable or method, expecting ']'
(eval):3: Can't assign to nil
(eval):3: syntax error, unexpected ',', expecting '.' or &. or :: or '['
(eval):3: Can't assign to nil
(eval):3: Can't assign to nil
(eval):3: syntax error, unexpected ',', expecting '.' or &. or :: or '['
(eval):3: Can't assign to nil
(eval):3: syntax error, unexpected ']', expecting '.' or &. or :: or '['
app/controllers/api/sudoku_controller.rb:11:in `eval'
app/controllers/api/sudoku_controller.rb:11:in `sudoku'
app/controllers/api/sudoku_controller.rb:6:in `index'
Started POST "/api/sudoku?data=%20[[2,%20nil,%205,%20nil,%20nil,%209,%20nil,%20nil,%204],[nil,%20nil,%20nil,%20nil,%20nil,%20nil,%203,%20nil,%207],[7,%20nil,%20nil,%208,%205,%206,%20nil,%201,%20nil],[4,%205,%20nil,%207,%20nil,%20nil,%20nil,%20nil,%0A%20nil],[nil,%20nil,%209,%20nil,%20nil,%20nil,%201,%20nil,%20nil],[nil,%20nil,%20nil,%20nil,%20nil,%202,%20nil,%208,%205],[nil,%202,%20nil,%204,%201,%208,%20nil,%20nil,%206],[6,%20nil,%208,%20nil,%20nil,%20nil,%20nil,%20nil,%20nil],[1,%20ni%0Al,%20nil,%202,%20nil,%20nil,%207,%20nil,%208]%20%20%20%20]" for 127.0.0.1 at 2021-04-25 15:09:09 +0530
Processing by Api::SudokuController#index as */*
  Parameters: {"data"=>" [[2, nil, 5, nil, nil, 9, nil, nil, 4],[nil, nil, nil, nil, nil, nil, 3, nil, 7],[7, nil, nil, 8, 5, 6, nil, 1, nil],[4, 5, nil, 7, nil, nil, nil, nil,\n nil],[nil, nil, 9, nil, nil, nil, 1, nil, nil],[nil, nil, nil, nil, nil, 2, nil, 8, 5],[nil, 2, nil, 4, 1, 8, nil, nil, 6],[6, nil, 8, nil, nil, nil, nil, nil, nil],[1, ni\nl, nil, 2, nil, nil, 7, nil, 8]    ]"}
Completed 500 Internal Server Error in 1ms (Allocations: 140)


  
TypeError (no implicit conversion of Array into String):
  
app/controllers/api/sudoku_controller.rb:10:in `eval'
app/controllers/api/sudoku_controller.rb:10:in `sudoku'
app/controllers/api/sudoku_controller.rb:5:in `index'
Started POST "/api/sudoku?data=%20[[2,%20nil,%205,%20nil,%20nil,%209,%20nil,%20nil,%204],[nil,%20nil,%20nil,%20nil,%20nil,%20nil,%203,%20nil,%207],[7,%20nil,%20nil,%208,%205,%206,%20nil,%201,%20nil],[4,%205,%20nil,%207,%20nil,%20nil,%20nil,%20nil,%0A%20nil],[nil,%20nil,%209,%20nil,%20nil,%20nil,%201,%20nil,%20nil],[nil,%20nil,%20nil,%20nil,%20nil,%202,%20nil,%208,%205],[nil,%202,%20nil,%204,%201,%208,%20nil,%20nil,%206],[6,%20nil,%208,%20nil,%20nil,%20nil,%20nil,%20nil,%20nil],[1,%20ni%0Al,%20nil,%202,%20nil,%20nil,%207,%20nil,%208]%20%20%20%20]" for 127.0.0.1 at 2021-04-25 15:09:36 +0530
Processing by Api::SudokuController#index as */*
  Parameters: {"data"=>" [[2, nil, 5, nil, nil, 9, nil, nil, 4],[nil, nil, nil, nil, nil, nil, 3, nil, 7],[7, nil, nil, 8, 5, 6, nil, 1, nil],[4, 5, nil, 7, nil, nil, nil, nil,\n nil],[nil, nil, 9, nil, nil, nil, 1, nil, nil],[nil, nil, nil, nil, nil, 2, nil, 8, 5],[nil, 2, nil, 4, 1, 8, nil, nil, 6],[6, nil, 8, nil, nil, nil, nil, nil, nil],[1, ni\nl, nil, 2, nil, nil, 7, nil, 8]    ]"}
Completed 500 Internal Server Error in 7ms (Allocations: 1974)


  
NameError (undefined local variable or method `m' for #<Api::SudokuController:0x00000000017890>
Did you mean?  @m):
  
app/controllers/api/sudoku_controller.rb:23:in `verify'
app/controllers/api/sudoku_controller.rb:16:in `block (2 levels) in sudoku'
app/controllers/api/sudoku_controller.rb:13:in `each'
app/controllers/api/sudoku_controller.rb:13:in `block in sudoku'
app/controllers/api/sudoku_controller.rb:12:in `each'
app/controllers/api/sudoku_controller.rb:12:in `sudoku'
app/controllers/api/sudoku_controller.rb:5:in `index'
Started POST "/api/sudoku?data=%20[[2,%20nil,%205,%20nil,%20nil,%209,%20nil,%20nil,%204],[nil,%20nil,%20nil,%20nil,%20nil,%20nil,%203,%20nil,%207],[7,%20nil,%20nil,%208,%205,%206,%20nil,%201,%20nil],[4,%205,%20nil,%207,%20nil,%20nil,%20nil,%20nil,%0A%20nil],[nil,%20nil,%209,%20nil,%20nil,%20nil,%201,%20nil,%20nil],[nil,%20nil,%20nil,%20nil,%20nil,%202,%20nil,%208,%205],[nil,%202,%20nil,%204,%201,%208,%20nil,%20nil,%206],[6,%20nil,%208,%20nil,%20nil,%20nil,%20nil,%20nil,%20nil],[1,%20ni%0Al,%20nil,%202,%20nil,%20nil,%207,%20nil,%208]%20%20%20%20]" for 127.0.0.1 at 2021-04-25 15:10:02 +0530
Processing by Api::SudokuController#index as */*
  Parameters: {"data"=>" [[2, nil, 5, nil, nil, 9, nil, nil, 4],[nil, nil, nil, nil, nil, nil, 3, nil, 7],[7, nil, nil, 8, 5, 6, nil, 1, nil],[4, 5, nil, 7, nil, nil, nil, nil,\n nil],[nil, nil, 9, nil, nil, nil, 1, nil, nil],[nil, nil, nil, nil, nil, 2, nil, 8, 5],[nil, 2, nil, 4, 1, 8, nil, nil, 6],[6, nil, 8, nil, nil, nil, nil, nil, nil],[1, ni\nl, nil, 2, nil, nil, 7, nil, 8]    ]"}
